<?xml version="1.0" encoding="UTF-8"?>
<testsuite xmlns:xsi="http://www.w3.org/2001/XMLSchema-instance" xsi:noNamespaceSchemaLocation="https://maven.apache.org/surefire/maven-surefire-plugin/xsd/surefire-test-report.xsd" version="3.0.2" name="com.conversor.service.ExchangeRateServiceTest" time="0.425" tests="7" errors="0" skipped="0" failures="1">
  <properties>
[...]
</properties>
  <testcase name="convert_success" classname="com.conversor.service.ExchangeRateServiceTest" time="0.379"/>
  <testcase name="getExchangeRates_success" classname="com.conversor.service.ExchangeRateServiceTest" time="0.014"/>
  <testcase name="getConversionHistory_shouldReturnEmptyPageWhenNoHistory" classname="com.conversor.service.ExchangeRateServiceTest" time="0.004"/>
  <testcase name="getExchangeRates_currencyNotFound" classname="com.conversor.service.ExchangeRateServiceTest" time="0.012">
    <failure message="Unexpected exception type thrown, expected: &lt;com.conversor.exception.CurrencyNotFoundException&gt; but was: &lt;com.conversor.exception.ExternalApiException&gt;" type="org.opentest4j.AssertionFailedError"><![CDATA[org.opentest4j.AssertionFailedError: Unexpected exception type thrown, expected: <com.conversor.exception.CurrencyNotFoundException> but was: <com.conversor.exception.ExternalApiException>
	at org.junit.jupiter.api.AssertionFailureBuilder.build(AssertionFailureBuilder.java:151)
	at org.junit.jupiter.api.AssertThrows.assertThrows(AssertThrows.java:67)
	at org.junit.jupiter.api.AssertThrows.assertThrows(AssertThrows.java:35)
	at org.junit.jupiter.api.Assertions.assertThrows(Assertions.java:3128)
	at com.conversor.service.ExchangeRateServiceTest.getExchangeRates_currencyNotFound(ExchangeRateServiceTest.java:93)
	at java.base/java.lang.reflect.Method.invoke(Method.java:569)
	at java.base/java.util.ArrayList.forEach(ArrayList.java:1511)
	at java.base/java.util.ArrayList.forEach(ArrayList.java:1511)
Caused by: com.conversor.exception.ExternalApiException: Erro ao chamar a API externa: 404 NOT_FOUND
	at com.conversor.service.ExchangeRateService.getExchangeRates(ExchangeRateService.java:66)
	at com.conversor.service.ExchangeRateServiceTest.lambda$0(ExchangeRateServiceTest.java:93)
	at org.junit.jupiter.api.AssertThrows.assertThrows(AssertThrows.java:53)
	... 6 more
Caused by: org.springframework.web.client.HttpClientErrorException: 404 NOT_FOUND
	at org.springframework.web.client.RestTemplate.exchange(RestTemplate.java:709)
	at com.conversor.service.ExchangeRateService.getExchangeRates(ExchangeRateService.java:42)
	... 8 more
]]></failure>
  </testcase>
  <testcase name="convert_currencyNotFound" classname="com.conversor.service.ExchangeRateServiceTest" time="0.007"/>
  <testcase name="getConversionHistory_shouldReturnPagedHistory" classname="com.conversor.service.ExchangeRateServiceTest" time="0.004"/>
  <testcase name="getExchangeRates_externalApiError" classname="com.conversor.service.ExchangeRateServiceTest" time="0.003"/>
</testsuite>