<?xml version="1.0" encoding="UTF-8"?>
<testsuite xmlns:xsi="http://www.w3.org/2001/XMLSchema-instance" xsi:noNamespaceSchemaLocation="https://maven.apache.org/surefire/maven-surefire-plugin/xsd/surefire-test-report.xsd" version="3.0.2" name="com.conversor.controller.CurrencyControllerIntegrationTest" time="12.546" tests="5" errors="1" skipped="0" failures="0">
  <properties>
[...]
</properties>
  <testcase name="getHistory_shouldReturnPagedHistory" classname="com.conversor.controller.CurrencyControllerIntegrationTest" time="0.519">
    <error message="Row was updated or deleted by another transaction (or unsaved-value mapping was incorrect): [com.conversor.model.ConversionHistory#1]" type="org.springframework.orm.ObjectOptimisticLockingFailureException"><![CDATA[org.springframework.orm.ObjectOptimisticLockingFailureException: Row was updated or deleted by another transaction (or unsaved-value mapping was incorrect): [com.conversor.model.ConversionHistory#1]
	at org.springframework.orm.jpa.vendor.HibernateJpaDialect.convertHibernateAccessException(HibernateJpaDialect.java:325)
	at org.springframework.orm.jpa.vendor.HibernateJpaDialect.translateExceptionIfPossible(HibernateJpaDialect.java:244)
	at org.springframework.orm.jpa.AbstractEntityManagerFactoryBean.translateExceptionIfPossible(AbstractEntityManagerFactoryBean.java:560)
	at org.springframework.dao.support.ChainedPersistenceExceptionTranslator.translateExceptionIfPossible(ChainedPersistenceExceptionTranslator.java:61)
	at org.springframework.dao.support.DataAccessUtils.translateIfNecessary(DataAccessUtils.java:343)
	at org.springframework.dao.support.PersistenceExceptionTranslationInterceptor.invoke(PersistenceExceptionTranslationInterceptor.java:160)
	at org.springframework.aop.framework.ReflectiveMethodInvocation.proceed(ReflectiveMethodInvocation.java:184)
	at org.springframework.data.jpa.repository.support.CrudMethodMetadataPostProcessor$CrudMethodMetadataPopulatingMethodInterceptor.invoke(CrudMethodMetadataPostProcessor.java:165)
	at org.springframework.aop.framework.ReflectiveMethodInvocation.proceed(ReflectiveMethodInvocation.java:184)
	at org.springframework.aop.framework.JdkDynamicAopProxy.invoke(JdkDynamicAopProxy.java:223)
	at jdk.proxy2/jdk.proxy2.$Proxy200.saveAll(Unknown Source)
	at com.conversor.controller.CurrencyControllerIntegrationTest.getHistory_shouldReturnPagedHistory(CurrencyControllerIntegrationTest.java:127)
	at java.base/java.lang.reflect.Method.invoke(Method.java:569)
	at java.base/java.util.ArrayList.forEach(ArrayList.java:1511)
	at java.base/java.util.ArrayList.forEach(ArrayList.java:1511)
Caused by: org.hibernate.StaleObjectStateException: Row was updated or deleted by another transaction (or unsaved-value mapping was incorrect): [com.conversor.model.ConversionHistory#1]
	at org.hibernate.event.internal.DefaultMergeEventListener.entityIsDetached(DefaultMergeEventListener.java:426)
	at org.hibernate.event.internal.DefaultMergeEventListener.merge(DefaultMergeEventListener.java:214)
	at org.hibernate.event.internal.DefaultMergeEventListener.doMerge(DefaultMergeEventListener.java:152)
	at org.hibernate.event.internal.DefaultMergeEventListener.onMerge(DefaultMergeEventListener.java:136)
	at org.hibernate.event.internal.DefaultMergeEventListener.onMerge(DefaultMergeEventListener.java:89)
	at org.hibernate.event.service.internal.EventListenerGroupImpl.fireEventOnEachListener(EventListenerGroupImpl.java:127)
	at org.hibernate.internal.SessionImpl.fireMerge(SessionImpl.java:854)
	at org.hibernate.internal.SessionImpl.merge(SessionImpl.java:840)
	at java.base/jdk.internal.reflect.NativeMethodAccessorImpl.invoke0(Native Method)
	at java.base/jdk.internal.reflect.NativeMethodAccessorImpl.invoke(NativeMethodAccessorImpl.java:77)
	at java.base/jdk.internal.reflect.DelegatingMethodAccessorImpl.invoke(DelegatingMethodAccessorImpl.java:43)
	at java.base/java.lang.reflect.Method.invoke(Method.java:569)
	at org.springframework.orm.jpa.SharedEntityManagerCreator$SharedEntityManagerInvocationHandler.invoke(SharedEntityManagerCreator.java:320)
	at jdk.proxy2/jdk.proxy2.$Proxy197.merge(Unknown Source)
	at org.springframework.data.jpa.repository.support.SimpleJpaRepository.save(SimpleJpaRepository.java:626)
	at org.springframework.data.jpa.repository.support.SimpleJpaRepository.saveAll(SimpleJpaRepository.java:649)
	at java.base/jdk.internal.reflect.NativeMethodAccessorImpl.invoke0(Native Method)
	at java.base/jdk.internal.reflect.NativeMethodAccessorImpl.invoke(NativeMethodAccessorImpl.java:77)
	at java.base/jdk.internal.reflect.DelegatingMethodAccessorImpl.invoke(DelegatingMethodAccessorImpl.java:43)
	at java.base/java.lang.reflect.Method.invoke(Method.java:569)
	at org.springframework.aop.support.AopUtils.invokeJoinpointUsingReflection(AopUtils.java:359)
	at org.springframework.data.repository.core.support.RepositoryMethodInvoker$RepositoryFragmentMethodInvoker.lambda$new$0(RepositoryMethodInvoker.java:277)
	at org.springframework.data.repository.core.support.RepositoryMethodInvoker.doInvoke(RepositoryMethodInvoker.java:170)
	at org.springframework.data.repository.core.support.RepositoryMethodInvoker.invoke(RepositoryMethodInvoker.java:158)
	at org.springframework.data.repository.core.support.RepositoryComposition$RepositoryFragments.invoke(RepositoryComposition.java:515)
	at org.springframework.data.repository.core.support.RepositoryComposition.invoke(RepositoryComposition.java:284)
	at org.springframework.data.repository.core.support.RepositoryFactorySupport$ImplementationMethodExecutionInterceptor.invoke(RepositoryFactorySupport.java:752)
	at org.springframework.aop.framework.ReflectiveMethodInvocation.proceed(ReflectiveMethodInvocation.java:184)
	at org.springframework.data.repository.core.support.QueryExecutorMethodInterceptor.doInvoke(QueryExecutorMethodInterceptor.java:174)
	at org.springframework.data.repository.core.support.QueryExecutorMethodInterceptor.invoke(QueryExecutorMethodInterceptor.java:149)
	at org.springframework.aop.framework.ReflectiveMethodInvocation.proceed(ReflectiveMethodInvocation.java:184)
	at org.springframework.data.projection.DefaultMethodInvokingMethodInterceptor.invoke(DefaultMethodInvokingMethodInterceptor.java:69)
	at org.springframework.aop.framework.ReflectiveMethodInvocation.proceed(ReflectiveMethodInvocation.java:184)
	at org.springframework.transaction.interceptor.TransactionAspectSupport.invokeWithinTransaction(TransactionAspectSupport.java:380)
	at org.springframework.transaction.interceptor.TransactionInterceptor.invoke(TransactionInterceptor.java:119)
	at org.springframework.aop.framework.ReflectiveMethodInvocation.proceed(ReflectiveMethodInvocation.java:184)
	at org.springframework.dao.support.PersistenceExceptionTranslationInterceptor.invoke(PersistenceExceptionTranslationInterceptor.java:138)
	... 9 more
]]></error>
    <system-out><![CDATA[18:35:19.423 [main] INFO org.springframework.test.context.support.AnnotationConfigContextLoaderUtils -- Could not detect default configuration classes for test class [com.conversor.controller.CurrencyControllerIntegrationTest]: CurrencyControllerIntegrationTest does not declare any static, non-private, non-final, nested classes annotated with @Configuration.
18:35:19.656 [main] INFO org.springframework.boot.test.context.SpringBootTestContextBootstrapper -- Found @SpringBootConfiguration com.conversor.CurrencyConverterApplication for test class com.conversor.controller.CurrencyControllerIntegrationTest

  .   ____          _            __ _ _
 /\\ / ___'_ __ _ _(_)_ __  __ _ \ \ \ \
( ( )\___ | '_ | '_| | '_ \/ _` | \ \ \ \
 \\/  ___)| |_)| | | | | || (_| |  ) ) ) )
  '  |____| .__|_| |_|_| |_\__, | / / / /
 =========|_|==============|___/=/_/_/_/

 :: Spring Boot ::                (v3.4.0)

2025-05-28T18:35:20.276-03:00  INFO 23052 --- [currency-converter] [           main] c.c.c.CurrencyControllerIntegrationTest  : Starting CurrencyControllerIntegrationTest using Java 17.0.15 with PID 23052 (started by Lucas in E:\Conversor de moedas)
2025-05-28T18:35:20.278-03:00  INFO 23052 --- [currency-converter] [           main] c.c.c.CurrencyControllerIntegrationTest  : No active profile set, falling back to 1 default profile: "default"
2025-05-28T18:35:21.840-03:00  INFO 23052 --- [currency-converter] [           main] .s.d.r.c.RepositoryConfigurationDelegate : Bootstrapping Spring Data JPA repositories in DEFAULT mode.
2025-05-28T18:35:21.916-03:00  INFO 23052 --- [currency-converter] [           main] .s.d.r.c.RepositoryConfigurationDelegate : Finished Spring Data repository scanning in 60 ms. Found 1 JPA repository interface.
2025-05-28T18:35:24.767-03:00  INFO 23052 --- [currency-converter] [           main] o.hibernate.jpa.internal.util.LogHelper  : HHH000204: Processing PersistenceUnitInfo [name: default]
2025-05-28T18:35:24.957-03:00  INFO 23052 --- [currency-converter] [           main] org.hibernate.Version                    : HHH000412: Hibernate ORM core version 6.6.2.Final
2025-05-28T18:35:25.094-03:00  INFO 23052 --- [currency-converter] [           main] o.h.c.internal.RegionFactoryInitiator    : HHH000026: Second-level cache disabled
2025-05-28T18:35:25.407-03:00  INFO 23052 --- [currency-converter] [           main] o.s.o.j.p.SpringPersistenceUnitInfo      : No LoadTimeWeaver setup: ignoring JPA class transformer
2025-05-28T18:35:25.492-03:00  INFO 23052 --- [currency-converter] [           main] com.zaxxer.hikari.HikariDataSource       : HikariPool-1 - Starting...
2025-05-28T18:35:25.802-03:00  INFO 23052 --- [currency-converter] [           main] com.zaxxer.hikari.pool.HikariPool        : HikariPool-1 - Added connection conn0: url=jdbc:h2:mem:currencydb user=SA
2025-05-28T18:35:25.806-03:00  INFO 23052 --- [currency-converter] [           main] com.zaxxer.hikari.HikariDataSource       : HikariPool-1 - Start completed.
2025-05-28T18:35:25.846-03:00  WARN 23052 --- [currency-converter] [           main] org.hibernate.orm.deprecation            : HHH90000025: H2Dialect does not need to be specified explicitly using 'hibernate.dialect' (remove the property setting and it will be selected by default)
2025-05-28T18:35:25.890-03:00  INFO 23052 --- [currency-converter] [           main] org.hibernate.orm.connections.pooling    : HHH10001005: Database info:
	Database JDBC URL [Connecting through datasource 'HikariDataSource (HikariPool-1)']
	Database driver: undefined/unknown
	Database version: 2.3.232
	Autocommit mode: undefined/unknown
	Isolation level: undefined/unknown
	Minimum pool size: undefined/unknown
	Maximum pool size: undefined/unknown
2025-05-28T18:35:27.023-03:00  INFO 23052 --- [currency-converter] [           main] o.h.e.t.j.p.i.JtaPlatformInitiator       : HHH000489: No JTA platform available (set 'hibernate.transaction.jta.platform' to enable JTA platform integration)
Hibernate: create table conversion_history (id bigint generated by default as identity, amount numeric(19,6) not null, converted_amount numeric(19,6) not null, exchange_rate numeric(19,6) not null, from_currency varchar(255) not null, provider varchar(255) not null, timestamp timestamp(6) not null, to_currency varchar(255) not null, primary key (id))
Hibernate: create table currencies (code varchar(255) not null, active boolean not null, name varchar(255), symbol varchar(255), primary key (code))
2025-05-28T18:35:27.124-03:00  INFO 23052 --- [currency-converter] [           main] j.LocalContainerEntityManagerFactoryBean : Initialized JPA EntityManagerFactory for persistence unit 'default'
2025-05-28T18:35:27.931-03:00  WARN 23052 --- [currency-converter] [           main] JpaBaseConfiguration$JpaWebConfiguration : spring.jpa.open-in-view is enabled by default. Therefore, database queries may be performed during view rendering. Explicitly configure spring.jpa.open-in-view to disable this warning
2025-05-28T18:35:30.339-03:00  INFO 23052 --- [currency-converter] [           main] o.s.b.a.h2.H2ConsoleAutoConfiguration    : H2 console available at '/h2-console'. Database available at 'jdbc:h2:mem:currencydb'
2025-05-28T18:35:30.442-03:00  INFO 23052 --- [currency-converter] [           main] o.s.b.t.m.w.SpringBootMockServletContext : Initializing Spring TestDispatcherServlet ''
2025-05-28T18:35:30.443-03:00  INFO 23052 --- [currency-converter] [           main] o.s.t.web.servlet.TestDispatcherServlet  : Initializing Servlet ''
2025-05-28T18:35:30.460-03:00  INFO 23052 --- [currency-converter] [           main] o.s.b.a.e.web.EndpointLinksResolver      : Exposing 3 endpoints beneath base path '/actuator'
2025-05-28T18:35:30.496-03:00  INFO 23052 --- [currency-converter] [           main] o.s.t.web.servlet.TestDispatcherServlet  : Completed initialization in 50 ms
2025-05-28T18:35:30.650-03:00  INFO 23052 --- [currency-converter] [           main] c.c.c.CurrencyControllerIntegrationTest  : Started CurrencyControllerIntegrationTest in 10.804 seconds (process running for 12.27)
Hibernate: select ch1_0.id,ch1_0.amount,ch1_0.converted_amount,ch1_0.exchange_rate,ch1_0.from_currency,ch1_0.provider,ch1_0.timestamp,ch1_0.to_currency from conversion_history ch1_0
Hibernate: select ch1_0.id,ch1_0.amount,ch1_0.converted_amount,ch1_0.exchange_rate,ch1_0.from_currency,ch1_0.provider,ch1_0.timestamp,ch1_0.to_currency from conversion_history ch1_0 where ch1_0.id=?
Hibernate: select ch1_0.id,ch1_0.amount,ch1_0.converted_amount,ch1_0.exchange_rate,ch1_0.from_currency,ch1_0.provider,ch1_0.timestamp,ch1_0.to_currency from conversion_history ch1_0 where ch1_0.id=?
Hibernate: select ch1_0.id,ch1_0.amount,ch1_0.converted_amount,ch1_0.exchange_rate,ch1_0.from_currency,ch1_0.provider,ch1_0.timestamp,ch1_0.to_currency from conversion_history ch1_0
]]></system-out>
  </testcase>
  <testcase name="listCurrencies_shouldReturnRates" classname="com.conversor.controller.CurrencyControllerIntegrationTest" time="0.298">
    <system-out><![CDATA[Hibernate: select ch1_0.id,ch1_0.amount,ch1_0.converted_amount,ch1_0.exchange_rate,ch1_0.from_currency,ch1_0.provider,ch1_0.timestamp,ch1_0.to_currency from conversion_history ch1_0
Hibernate: select ch1_0.id,ch1_0.amount,ch1_0.converted_amount,ch1_0.exchange_rate,ch1_0.from_currency,ch1_0.provider,ch1_0.timestamp,ch1_0.to_currency from conversion_history ch1_0
]]></system-out>
  </testcase>
  <testcase name="convert_shouldReturnConvertedAmount" classname="com.conversor.controller.CurrencyControllerIntegrationTest" time="0.049">
    <system-out><![CDATA[Hibernate: select ch1_0.id,ch1_0.amount,ch1_0.converted_amount,ch1_0.exchange_rate,ch1_0.from_currency,ch1_0.provider,ch1_0.timestamp,ch1_0.to_currency from conversion_history ch1_0
Hibernate: select ch1_0.id,ch1_0.amount,ch1_0.converted_amount,ch1_0.exchange_rate,ch1_0.from_currency,ch1_0.provider,ch1_0.timestamp,ch1_0.to_currency from conversion_history ch1_0
]]></system-out>
  </testcase>
  <testcase name="getRates_shouldReturnRatesForCurrency" classname="com.conversor.controller.CurrencyControllerIntegrationTest" time="0.017">
    <system-out><![CDATA[Hibernate: select ch1_0.id,ch1_0.amount,ch1_0.converted_amount,ch1_0.exchange_rate,ch1_0.from_currency,ch1_0.provider,ch1_0.timestamp,ch1_0.to_currency from conversion_history ch1_0
Hibernate: select ch1_0.id,ch1_0.amount,ch1_0.converted_amount,ch1_0.exchange_rate,ch1_0.from_currency,ch1_0.provider,ch1_0.timestamp,ch1_0.to_currency from conversion_history ch1_0
]]></system-out>
  </testcase>
  <testcase name="getHistory_shouldReturnEmptyPageWhenNoHistory" classname="com.conversor.controller.CurrencyControllerIntegrationTest" time="0.094">
    <system-out><![CDATA[Hibernate: select ch1_0.id,ch1_0.amount,ch1_0.converted_amount,ch1_0.exchange_rate,ch1_0.from_currency,ch1_0.provider,ch1_0.timestamp,ch1_0.to_currency from conversion_history ch1_0
2025-05-28T18:35:31.695-03:00  WARN 23052 --- [currency-converter] [           main] ration$PageModule$WarningLoggingModifier : Serializing PageImpl instances as-is is not supported, meaning that there is no guarantee about the stability of the resulting JSON structure!
	For a stable JSON structure, please use Spring Data's PagedModel (globally via @EnableSpringDataWebSupport(pageSerializationMode = VIA_DTO))
	or Spring HATEOAS and Spring Data's PagedResourcesAssembler as documented in https://docs.spring.io/spring-data/commons/reference/repositories/core-extensions.html#core.web.pageables.

Hibernate: select ch1_0.id,ch1_0.amount,ch1_0.converted_amount,ch1_0.exchange_rate,ch1_0.from_currency,ch1_0.provider,ch1_0.timestamp,ch1_0.to_currency from conversion_history ch1_0
]]></system-out>
  </testcase>
</testsuite>